{"contracts/ReentrancyAttack.sol":{"l":{"13":0,"18":0,"19":0,"20":0,"25":0,"26":0,"31":0},"path":"/app/contracts/ReentrancyAttack.sol","s":{"1":0,"2":0,"3":0,"4":0},"b":{"1":[0,0],"2":[0,0]},"f":{"1":0,"2":0,"3":0},"fnMap":{"1":{"name":"constructor","line":12,"loc":{"start":{"line":12,"column":4},"end":{"line":14,"column":4}}},"2":{"name":"attack","line":17,"loc":{"start":{"line":17,"column":4},"end":{"line":21,"column":4}}},"3":{"name":"stealFunds","line":30,"loc":{"start":{"line":30,"column":4},"end":{"line":32,"column":4}}}},"statementMap":{"1":{"start":{"line":18,"column":8},"end":{"line":18,"column":69}},"2":{"start":{"line":19,"column":8},"end":{"line":19,"column":37}},"3":{"start":{"line":20,"column":8},"end":{"line":20,"column":22}},"4":{"start":{"line":31,"column":8},"end":{"line":31,"column":58}}},"branchMap":{"1":{"line":18,"type":"if","locations":[{"start":{"line":18,"column":8},"end":{"line":18,"column":8}},{"start":{"line":18,"column":8},"end":{"line":18,"column":8}}]},"2":{"line":25,"type":"if","locations":[{"start":{"line":25,"column":8},"end":{"line":25,"column":8}},{"start":{"line":25,"column":8},"end":{"line":25,"column":8}}]}}},"contracts/SecureBank.sol":{"l":{"10":0,"11":0,"12":0,"13":0,"17":0,"22":0,"23":0,"26":0,"28":0,"29":0,"33":0},"path":"/app/contracts/SecureBank.sol","s":{"1":0,"2":0,"3":0,"4":0,"5":0,"6":0},"b":{"1":[0,0],"2":[0,0],"3":[0,0],"4":[0,0]},"f":{"1":0,"2":0,"3":0,"4":0},"fnMap":{"1":{"name":"noReentrant","line":9,"loc":{"start":{"line":9,"column":4},"end":{"line":14,"column":4}}},"2":{"name":"deposit","line":16,"loc":{"start":{"line":16,"column":4},"end":{"line":18,"column":4}}},"3":{"name":"withdraw","line":21,"loc":{"start":{"line":21,"column":4},"end":{"line":30,"column":4}}},"4":{"name":"getBalance","line":32,"loc":{"start":{"line":32,"column":4},"end":{"line":34,"column":4}}}},"statementMap":{"1":{"start":{"line":10,"column":8},"end":{"line":10,"column":40}},"2":{"start":{"line":22,"column":8},"end":{"line":22,"column":42}},"3":{"start":{"line":23,"column":8},"end":{"line":23,"column":52}},"4":{"start":{"line":28,"column":8},"end":{"line":28,"column":61}},"5":{"start":{"line":29,"column":8},"end":{"line":29,"column":42}},"6":{"start":{"line":33,"column":8},"end":{"line":33,"column":36}}},"branchMap":{"1":{"line":10,"type":"if","locations":[{"start":{"line":10,"column":8},"end":{"line":10,"column":8}},{"start":{"line":10,"column":8},"end":{"line":10,"column":8}}]},"2":{"line":21,"type":"if","locations":[{"start":{"line":21,"column":31},"end":{"line":21,"column":31}},{"start":{"line":21,"column":31},"end":{"line":21,"column":31}}]},"3":{"line":23,"type":"if","locations":[{"start":{"line":23,"column":8},"end":{"line":23,"column":8}},{"start":{"line":23,"column":8},"end":{"line":23,"column":8}}]},"4":{"line":29,"type":"if","locations":[{"start":{"line":29,"column":8},"end":{"line":29,"column":8}},{"start":{"line":29,"column":8},"end":{"line":29,"column":8}}]}}},"contracts/Token.sol":{"l":{"17":0,"18":0,"22":0,"23":0,"24":0,"25":0,"26":0,"31":0,"32":0,"34":0,"35":0,"37":0,"38":0,"42":0,"43":0,"44":0,"45":0},"path":"/app/contracts/Token.sol","s":{"1":0,"2":0,"3":0,"4":0,"5":0,"6":0,"7":0,"8":0},"b":{"1":[0,0],"2":[0,0],"3":[0,0],"4":[0,0]},"f":{"1":0,"2":0,"3":0,"4":0},"fnMap":{"1":{"name":"onlyOwner","line":16,"loc":{"start":{"line":16,"column":4},"end":{"line":19,"column":4}}},"2":{"name":"constructor","line":21,"loc":{"start":{"line":21,"column":4},"end":{"line":28,"column":4}}},"3":{"name":"transfer","line":30,"loc":{"start":{"line":30,"column":4},"end":{"line":39,"column":4}}},"4":{"name":"mint","line":41,"loc":{"start":{"line":41,"column":4},"end":{"line":46,"column":4}}}},"statementMap":{"1":{"start":{"line":17,"column":6},"end":{"line":17,"column":61}},"2":{"start":{"line":26,"column":6},"end":{"line":26,"column":37}},"3":{"start":{"line":31,"column":6},"end":{"line":31,"column":69}},"4":{"start":{"line":32,"column":6},"end":{"line":32,"column":52}},"5":{"start":{"line":37,"column":6},"end":{"line":37,"column":44}},"6":{"start":{"line":38,"column":6},"end":{"line":38,"column":17}},"7":{"start":{"line":44,"column":6},"end":{"line":44,"column":28}},"8":{"start":{"line":45,"column":6},"end":{"line":45,"column":44}}},"branchMap":{"1":{"line":17,"type":"if","locations":[{"start":{"line":17,"column":6},"end":{"line":17,"column":6}},{"start":{"line":17,"column":6},"end":{"line":17,"column":6}}]},"2":{"line":31,"type":"if","locations":[{"start":{"line":31,"column":6},"end":{"line":31,"column":6}},{"start":{"line":31,"column":6},"end":{"line":31,"column":6}}]},"3":{"line":32,"type":"if","locations":[{"start":{"line":32,"column":6},"end":{"line":32,"column":6}},{"start":{"line":32,"column":6},"end":{"line":32,"column":6}}]},"4":{"line":41,"type":"if","locations":[{"start":{"line":41,"column":54},"end":{"line":41,"column":54}},{"start":{"line":41,"column":54},"end":{"line":41,"column":54}}]}}},"contracts/VulnerableBank.sol":{"l":{"8":0,"13":0,"14":0,"17":0,"18":0,"20":0,"24":0},"path":"/app/contracts/VulnerableBank.sol","s":{"1":0,"2":0,"3":0,"4":0,"5":0},"b":{"1":[0,0],"2":[0,0]},"f":{"1":0,"2":0,"3":0},"fnMap":{"1":{"name":"deposit","line":7,"loc":{"start":{"line":7,"column":4},"end":{"line":9,"column":4}}},"2":{"name":"withdraw","line":12,"loc":{"start":{"line":12,"column":4},"end":{"line":21,"column":4}}},"3":{"name":"getBalance","line":23,"loc":{"start":{"line":23,"column":4},"end":{"line":25,"column":4}}}},"statementMap":{"1":{"start":{"line":13,"column":8},"end":{"line":13,"column":42}},"2":{"start":{"line":14,"column":8},"end":{"line":14,"column":52}},"3":{"start":{"line":17,"column":8},"end":{"line":17,"column":61}},"4":{"start":{"line":18,"column":8},"end":{"line":18,"column":42}},"5":{"start":{"line":24,"column":8},"end":{"line":24,"column":36}}},"branchMap":{"1":{"line":14,"type":"if","locations":[{"start":{"line":14,"column":8},"end":{"line":14,"column":8}},{"start":{"line":14,"column":8},"end":{"line":14,"column":8}}]},"2":{"line":18,"type":"if","locations":[{"start":{"line":18,"column":8},"end":{"line":18,"column":8}},{"start":{"line":18,"column":8},"end":{"line":18,"column":8}}]}}}}